02-01-2022 @ 22:32:35 - 3.1.0 - No subscription webhooks found using API version 3. No updates needed.
02-01-2022 @ 22:32:35 - 4.0.1 upgrade complete from Subscriptions v0 while WooCommerce WC_VERSION 6.1.1 and database version 6.1.1 was active.
02-01-2022 @ 22:32:35 - Environment info:
02-01-2022 @ 22:32:35 -     WordPress Version : 5.9
02-01-2022 @ 22:32:35 - Active Plugins:
02-01-2022 @ 22:32:35 -     Duplicate Page by mndpsingh287 – 4.4.8
02-01-2022 @ 22:32:35 -     Elementor by Elementor.com – 3.5.4
02-01-2022 @ 22:32:35 -     Envato Market by Envato – 2.0.7
02-01-2022 @ 22:32:35 -     Google Listings and Ads by WooCommerce – 1.10.0
02-01-2022 @ 22:32:35 -     Goya Core by Everthemes – 1.0.5
02-01-2022 @ 22:32:35 -     Jetpack by Automattic – 10.5.1
02-01-2022 @ 22:32:35 -     WPBakery Page Builder by Michael M - WPBakery.com – 6.8.0
02-01-2022 @ 22:32:35 -     Kirki Customizer Framework by David Vongries – 3.1.9
02-01-2022 @ 22:32:35 -     MC4WP: Mailchimp for WordPress by ibericode – 4.8.6
02-01-2022 @ 22:32:35 -     MailPoet 3 (New) by MailPoet – 3.78.0
02-01-2022 @ 22:32:35 -     Meta Box by MetaBox.io – 5.5.1
02-01-2022 @ 22:32:35 -     Ninja Forms by Saturday Drive – 3.6.7
02-01-2022 @ 22:32:35 -     Slider Revolution by ThemePunch – 6.5.14
02-01-2022 @ 22:32:35 -     WC Ajax Product Filters by Shamim Al Mamun – 2.0.3.8
02-01-2022 @ 22:32:35 -     Variation Swatches for WooCommerce by Emran Ahmed – 1.1.19
02-01-2022 @ 22:32:35 -     WooCommerce Payments by Automattic – 3.6.0
02-01-2022 @ 22:32:35 -     WooCommerce Shipping & Tax by WooCommerce – 1.25.21
02-01-2022 @ 22:32:35 -     WooCommerce Subscriptions by WooCommerce – 4.0.1
02-01-2022 @ 22:32:35 -     WooCommerce by Automattic – 6.1.1
02-01-2022 @ 22:32:35 -     WP Duplicate Page by Ninja Team – 1.2
